"D:/Unreal Projects/RPG/Content/SoundFX/SFX/Crunch001.uasset" 0
"D:/Unreal Projects/RPG/Content/SoundFX/SFX/Crunch002.uasset" 1
"D:/Unreal Projects/RPG/Content/SoundFX/SFX/Crunch003.uasset" 2
"D:/Unreal Projects/RPG/Content/UI/T_RadialGradient.uasset" 3
"D:/Unreal Projects/RPG/Content/UI/Fonts/Holiday_Home.uasset" 4
"D:/Unreal Projects/RPG/Content/UI/Fonts/Holiday_Home_Font.uasset" 5
"D:/Unreal Projects/RPG/Content/UI/Fonts/DT_Font.uasset" 6
"D:/Unreal Projects/RPG/Content/UI/Fonts/Love_Nature_Italic.uasset" 7
"D:/Unreal Projects/RPG/Content/UI/Fonts/Love_Nature_Italic_Font.uasset" 8
"../../../Engine/Content/Animation/DefaultAnimCurveCompressionSettings.uasset" 9
"../../../Engine/Content/Functions/Engine_MaterialFunctions01/Opacity/CameraDepthFade.uasset" 10
"../../../Engine/Content/EngineMaterials/T_Default_Material_Grid_M.uasset" 11
"../../../Engine/Content/EngineMaterials/T_Default_Material_Grid_N.uasset" 12
"../../../Engine/Content/EngineMaterials/WorldGridMaterial.uasset" 13
"../../../Engine/Content/ArtTools/RenderToTexture/Meshes/S_1_Unit_Plane.uasset" 14
"../../../Engine/Content/EngineMaterials/DefaultMaterial.uasset" 15
"../../../Engine/Content/BasicShapes/Cone.uasset" 16
"../../../Engine/Content/EditorLandscapeResources/DataLayer.uasset" 17
"../../../Engine/Content/EditorMaterials/GizmoMaterial.uasset" 18
"../../../Engine/Content/EditorMaterials/MAT_Groups_Toggle.uasset" 19
"../../../Engine/Content/EditorMaterials/MAT_Groups_Visibility.uasset" 20
"../../../Engine/Content/EditorMaterials/PreviewShadowIndicator.uasset" 21
"../../../Engine/Content/EditorMaterials/PreviewShadowIndicatorMaterial.uasset" 22
"../../../Engine/Content/EditorMaterials/MatineeGroups/MAT_ColorTrack.uasset" 23
"../../../Engine/Content/EditorMaterials/MatineeGroups/MAT_Groups_Anim.uasset" 24
"../../../Engine/Content/EditorMaterials/MatineeGroups/MAT_Groups_AudioMaster.uasset" 25
"../../../Engine/Content/EditorMaterials/MatineeGroups/MAT_Groups_Director.uasset" 26
"../../../Engine/Content/EditorMaterials/MatineeGroups/MAT_Groups_Event.uasset" 27
"../../../Engine/Content/EditorMaterials/MatineeGroups/MAT_Groups_Fade.uasset" 28
"../../../Engine/Content/EditorMaterials/MatineeGroups/MAT_Groups_Float.uasset" 29
"../../../Engine/Content/EditorMaterials/MatineeGroups/MAT_Groups_Move.uasset" 30
"../../../Engine/Content/EditorMaterials/MatineeGroups/MAT_Groups_Slomo.uasset" 31
"../../../Engine/Content/EditorMaterials/MatineeGroups/MAT_Groups_Sound.uasset" 32
"../../../Engine/Content/EditorMaterials/MatineeGroups/MAT_Groups_Vector.uasset" 33
"../../../Engine/Content/EditorMaterials/ParticleSystems/PSysThumbnail_NoImage.uasset" 34
"../../../Engine/Content/EditorMaterials/ParticleSystems/PSysThumbnail_OOD.uasset" 35
"../../../Engine/Content/EditorMaterials/Camera/CineMat.uasset" 36
"../../../Engine/Content/EditorMaterials/Camera/MI_CineMat_Rig.uasset" 37
"../../../Engine/Content/EditorMeshes/Camera/SM_CraneRig_Arm.uasset" 38
"../../../Engine/Content/EditorMeshes/Camera/SM_CraneRig_Base.uasset" 39
"../../../Engine/Content/EditorMeshes/Camera/SM_CraneRig_Body.uasset" 40
"../../../Engine/Content/EditorMeshes/Camera/SM_CraneRig_Mount.uasset" 41
"../../../Engine/Content/EditorMeshes/Camera/SM_RailRig_Mount.uasset" 42
"../../../Engine/Content/EditorMeshes/Camera/SM_RailRig_Track.uasset" 43
"../../../Engine/Content/EditorResources/BSPVertex.uasset" 44
"../../../Engine/Content/EditorResources/EmptyActor.uasset" 45
"../../../Engine/Content/EditorResources/S_Actor.uasset" 46
"../../../Engine/Content/EditorResources/S_Note.uasset" 47
"../../../Engine/Content/EditorResources/S_Solver.uasset" 48
"../../../Engine/Content/EditorResources/S_Trigger.uasset" 49
"../../../Engine/Content/EditorResources/AudioIcons/S_AudioComponent_AutoActivate.uasset" 50
"../../../Engine/Content/EditorResources/LightIcons/S_LightError.uasset" 51
"../../../Engine/Content/EditorResources/SequenceRecorder/Countdown.uasset" 52
"../../../Engine/Content/EditorResources/SequenceRecorder/RecordingIndicator.uasset" 53
"../../../Engine/Content/EditorSounds/Notifications/CompileFailed.uasset" 54
"../../../Engine/Content/EditorSounds/Notifications/CompileFailed_Cue.uasset" 55
"../../../Engine/Content/EditorSounds/Notifications/CompileSuccess.uasset" 56
"../../../Engine/Content/EditorSounds/Notifications/CompileStart_Cue.uasset" 57
"../../../Engine/Content/EditorSounds/Notifications/CompileSuccess_Cue.uasset" 58
"../../../Engine/Content/EngineDamageTypes/DmgTypeBP_Environmental.uasset" 59
"../../../Engine/Content/EngineDebugMaterials/HeatmapGradient.uasset" 60
"../../../Engine/Content/EngineDebugMaterials/BoneWeightMaterial.uasset" 61
"../../../Engine/Content/EngineDebugMaterials/ClothMaterial.uasset" 62
"../../../Engine/Content/EngineDebugMaterials/ClothMaterial_WF.uasset" 63
"../../../Engine/Content/EngineDebugMaterials/DebugEditorMaterial.uasset" 64
"../../../Engine/Content/EngineDebugMaterials/DebugMeshMaterial.uasset" 65
"../../../Engine/Content/EngineDebugMaterials/GeomMaterial.uasset" 66
"../../../Engine/Content/EngineDebugMaterials/M_SimpleTranslucent.uasset" 67
"../../../Engine/Content/Functions/Engine_MaterialFunctions02/Utility/CameraDirectionVector.uasset" 68
"../../../Engine/Content/EngineDebugMaterials/VolumeToRender.uasset" 69
"../../../Engine/Content/EngineDebugMaterials/M_VolumeRenderSphereTracePP.uasset" 70
"../../../Engine/Content/EngineDebugMaterials/WireframeMaterial.uasset" 71
"../../../Engine/Content/EngineFonts/Faces/RobotoBold.uasset" 72
"../../../Engine/Content/EngineFonts/Faces/RobotoBoldItalic.uasset" 73
"../../../Engine/Content/EngineFonts/Faces/RobotoItalic.uasset" 74
"../../../Engine/Content/EngineFonts/Faces/RobotoLight.uasset" 75
"../../../Engine/Content/EngineFonts/Faces/RobotoRegular.uasset" 76
"../../../Engine/Content/EngineFonts/Roboto.uasset" 77
"../../../Engine/Content/EngineFonts/Faces/RobotoTiny.uasset" 78
"../../../Engine/Content/EngineFonts/RobotoTiny.uasset" 79
"../../../Engine/Content/EngineMaterials/BaseFlattenDiffuseMap.uasset" 80
"../../../Engine/Content/EngineMaterials/BaseFlattenEmissiveMap.uasset" 81
"../../../Engine/Content/EngineMaterials/BaseFlattenGrayscaleMap.uasset" 82
"../../../Engine/Content/EngineMaterials/BaseFlattenNormalMap.uasset" 83
"../../../Engine/Content/EngineMaterials/BaseFlattenMaterial.uasset" 84
"../../../Engine/Content/EngineMaterials/BlueNoise.uasset" 85
"../../../Engine/Content/EngineMaterials/DefaultBloomKernel.uasset" 86
"../../../Engine/Content/EngineMaterials/DefaultBokeh.uasset" 87
"../../../Engine/Content/EngineMaterials/DefaultDiffuse.uasset" 88
"../../../Engine/Content/EngineMaterials/DefaultDeferredDecalMaterial.uasset" 89
"../../../Engine/Content/EngineMaterials/DefaultLightFunctionMaterial.uasset" 90
"../../../Engine/Content/Functions/Engine_MaterialFunctions02/Utility/BreakOutFloat2Components.uasset" 91
"../../../Engine/Content/EngineMaterials/DefaultPostProcessMaterial.uasset" 92
"../../../Engine/Content/EngineFonts/RobotoDistanceField.uasset" 93
"../../../Engine/Content/EngineMaterials/DefaultTextMaterialOpaque.uasset" 94
"../../../Engine/Content/EngineMaterials/DefaultVirtualTextureMaterial.uasset" 95
"../../../Engine/Content/EngineMaterials/DefaultWhiteGrid.uasset" 96
"../../../Engine/Content/EngineMaterials/EditorBrushMaterial.uasset" 97
"../../../Engine/Content/EngineMaterials/DefaultWhiteGrid_Low.uasset" 98
"../../../Engine/Content/EngineMaterials/EmissiveMeshMaterial.uasset" 99
"../../../Engine/Content/EngineMaterials/Good64x64TilingNoiseHighFreq.uasset" 100
"../../../Engine/Content/EngineMaterials/MiniFont.uasset" 101
"../../../Engine/Content/EngineMaterials/InvalidLightmapSettings.uasset" 102
"../../../Engine/Content/EngineMaterials/M_InvalidLightmapSettings.uasset" 103
"../../../Engine/Content/Functions/Engine_MaterialFunctions02/WorldPositionOffset/CameraOffset.uasset" 104
"../../../Engine/Content/EngineMaterials/PhAT_JointLimitMaterial.uasset" 105
"../../../Engine/Content/EngineMaterials/PreintegratedSkinBRDF.uasset" 106
"../../../Engine/Content/EngineMaterials/RemoveSurfaceMaterial.uasset" 107
"../../../Engine/Content/EngineMaterials/WeightMapPlaceholderTexture.uasset" 108
"../../../Engine/Content/EngineResources/WhiteSquareTexture.uasset" 109
"../../../Engine/Content/EngineMaterials/Widget3DPassThrough.uasset" 110
"../../../Engine/Content/EngineMaterials/Widget3DPassThrough_Masked.uasset" 111
"../../../Engine/Content/EngineMaterials/Widget3DPassThrough_Opaque.uasset" 112
"../../../Engine/Content/EngineMaterials/Widget3DPassThrough_Masked_OneSided.uasset" 113
"../../../Engine/Content/EngineMaterials/Widget3DPassThrough_Opaque_OneSided.uasset" 114
"../../../Engine/Content/EngineMaterials/Widget3DPassThrough_Translucent.uasset" 115
"../../../Engine/Content/EngineMaterials/Widget3DPassThrough_Translucent_OneSided.uasset" 116
"../../../Engine/Content/EngineMeshes/Cylinder.uasset" 117
"../../../Engine/Content/EngineMeshes/Sphere.uasset" 118
"../../../Engine/Content/EngineResources/DefaultTexture.uasset" 119
"../../../Engine/Content/EngineResources/DefaultTextureCube.uasset" 120
"../../../Engine/Content/EngineResources/DefaultVolumeTexture2D.uasset" 121
"../../../Engine/Content/EngineResources/DefaultVolumeTexture.uasset" 122
"../../../Engine/Content/EngineResources/GradientTexture0.uasset" 123
"../../../Engine/Content/EngineSounds/Master.uasset" 124
"../../../Engine/Content/Functions/Engine_MaterialFunctions01/Shading/ConvertFromDiffSpec.uasset" 125
"../../../Engine/Content/Functions/Engine_MaterialFunctions01/Shading/PowerToRoughness.uasset" 126
"../../../Engine/Content/Maps/Templates/Thumbnails/Default.uasset" 127
"../../../Engine/Content/Maps/Templates/Thumbnails/VR-Basic.uasset" 128
"../../../Engine/Content/MobileResources/T_MobileControls_texture.uasset" 129
"../../../Engine/Content/MobileResources/T_MobileMenu2.uasset" 130
"../../../Engine/Content/MobileResources/HUD/AnalogHat.uasset" 131
"../../../Engine/Content/MobileResources/HUD/VirtualJoystick_Background.uasset" 132
"../../../Engine/Content/MobileResources/HUD/VirtualJoystick_Thumb.uasset" 133
"../../../Engine/Content/MobileResources/HUD/DefaultVirtualJoysticks.uasset" 134
"../../../Engine/Content/MobileResources/HUD/LeftVirtualJoystickOnly.uasset" 135
"../../../Engine/Content/MobileResources/HUD/MobileHUDButton1_off.uasset" 136
"../../../Engine/Content/MobileResources/HUD/MobileHUDButton1_on.uasset" 137
"../../../Engine/Content/MobileResources/HUD/MobileHUDButton2_off.uasset" 138
"../../../Engine/Content/MobileResources/HUD/MobileHUDButton2_on.uasset" 139
"../../../Engine/Content/MobileResources/HUD/MobileHUDButton3.uasset" 140
"../../../Engine/Content/MobileResources/HUD/MobileHUDButtonFire.uasset" 141
"../../../Engine/Content/MobileResources/HUD/MobileHUDDirectionPad.uasset" 142
"../../../Engine/Content/MobileResources/HUD/MobileHUDDirectionPad2.uasset" 143
"../../../Engine/Content/MobileResources/HUD/MobileHUDDirectionPad3.uasset" 144
"../../../Engine/Content/MobileResources/HUD/MobileHUDDirectionStick.uasset" 145
"../../../Engine/Content/MobileResources/HUD/T_Castle_ThumbstickInner.uasset" 146
"../../../Engine/Content/MobileResources/HUD/T_Castle_ThumbstickOutter.uasset" 147
"../../../Engine/Content/Tutorial/ContentIntroCurve.uasset" 148
"../../../Engine/Content/Tutorial/Basics/LevelEditorAttract.uasset" 149
"../../../Engine/Content/VREditor/Sounds/UI/Click_on_Button.uasset" 150
"../../../Engine/Content/VREditor/LaserPointer/VR_LaserPower_01.uasset" 151
"../../../Engine/Content/VREditor/TransformGizmo/TransformGizmoMaterial.uasset" 152
"../../../Engine/Content/VREditor/TransformGizmo/TranslucentTransformGizmoMaterial.uasset" 153
"../../../Engine/Content/VREditor/TransformGizmo/BoundingBoxCorner.uasset" 154
"../../../Engine/Content/VREditor/TransformGizmo/BoundingBoxEdge.uasset" 155
"../../../Engine/Content/VREditor/TransformGizmo/PlaneTranslationHandle.uasset" 156
"../../../Engine/Content/VREditor/TransformGizmo/Main.uasset" 157
"../../../Engine/Content/VREditor/TransformGizmo/Xray.uasset" 158
"../../../Engine/Content/VREditor/TransformGizmo/SM_Sequencer_Key.uasset" 159
"../../../Engine/Content/VREditor/TransformGizmo/SM_Sequencer_Node.uasset" 160
"../../Plugins/2D/Paper2D/Content/PlaceholderTextures/DummySpriteTexture.uasset" 161
"../../Plugins/2D/Paper2D/Content/DummySprite.uasset" 162
"../../Plugins/2D/Paper2D/Content/DefaultPaperTerrainMaterial.uasset" 163
"../../Plugins/2D/Paper2D/Content/DummySpriteTexture.uasset" 164
"../../Plugins/2D/Paper2D/Content/DefaultSpriteMaterial.uasset" 165
"../../Plugins/2D/Paper2D/Content/MaskedUnlitSpriteMaterial.uasset" 166
"../../Plugins/2D/Paper2D/Content/OpaqueUnlitSpriteMaterial.uasset" 167
"../../Plugins/Runtime/Oculus/OculusVR/Content/OculusMR_RenderTarget.uasset" 168
"../../../Engine/Content/Functions/Engine_MaterialFunctions02/Utility/BreakOutFloat4Components.uasset" 169
"../../../Engine/Content/Functions/Engine_MaterialFunctions02/Utility/MakeFloat2.uasset" 170
"../../../Engine/Content/Functions/Engine_MaterialFunctions02/Utility/MakeFloat3.uasset" 171
"../../Plugins/Runtime/Oculus/OculusVR/Content/Materials/OculusMR_ChromaKey.uasset" 172
"../../Plugins/Runtime/Oculus/OculusVR/Content/Materials/OculusMR_ChromaKey_Lit.uasset" 173
"../../Plugins/Runtime/Oculus/OculusVR/Content/Materials/OculusMR_OpaqueColoredMaterial.uasset" 174
"../../Plugins/Runtime/Oculus/OculusVR/Content/Materials/OculusMR_WhiteMaterial.uasset" 175
"D:/Unreal Projects/RPG/Content/Blueprints/BP_MainMenuGameMode.uasset" 176
"D:/Unreal Projects/RPG/Content/UI/Fonts/Karatone_DEMO.uasset" 177
"D:/Unreal Projects/RPG/Content/UI/Fonts/Karatone_DEMO_Font.uasset" 178
"D:/Unreal Projects/RPG/Content/UI/Fonts/LeaffyPersonalUse.uasset" 179
"D:/Unreal Projects/RPG/Content/UI/Fonts/LeaffyPersonalUse_Font.uasset" 180
"D:/Unreal Projects/RPG/Content/SoundFX/Music/Mystical_Forrest_Loop.uasset" 181
"D:/Unreal Projects/RPG/Content/UI/Icons/noun_Deer_936730.uasset" 182
"D:/Unreal Projects/RPG/Content/UI/Icons/wasd-keys-png-2-original.uasset" 183
"D:/Unreal Projects/RPG/Content/UI/UMG_HUD_Keybindings.uasset" 184
"D:/Unreal Projects/RPG/Content/UI/UMG_MenuTutorial.uasset" 185
"D:/Unreal Projects/RPG/Content/UI/UMG_MainMenu.uasset" 186
"D:/Unreal Projects/RPG/Content/Maps/MainMenu.umap" 187
"../../../Engine/Content/Functions/Engine_MaterialFunctions01/Density/ExponentialDensity.uasset" 188
"../../../Engine/Content/Functions/Engine_MaterialFunctions01/Gradient/RadialGradientExponential.uasset" 189
"D:/Unreal Projects/RPG/Content/ContentPacks/Particles_Wind_Control_System/Materials/M_Fireflies.uasset" 190
"D:/Unreal Projects/RPG/Content/ContentPacks/Particles_Wind_Control_System/Particles/P_Fireflies.uasset" 191
"D:/Unreal Projects/RPG/Content/ContentPacks/Particles_Wind_Control_System/Textures/T_Emitter.uasset" 192
"D:/Unreal Projects/RPG/Content/ContentPacks/Particles_Wind_Control_System/Blueprints/BP_Particle_Fireflies.uasset" 193
"D:/Unreal Projects/RPG/Content/ContentPacks/AnimalVarietyPack/DeerStagAndDoe/Meshes/SK_DeerDoe_Skeleton.uasset" 194
"D:/Unreal Projects/RPG/Content/ContentPacks/AnimalVarietyPack/DeerStagAndDoe/Animations/ANIM_DeerDoe_GoToRest.uasset" 195
"D:/Unreal Projects/RPG/Content/ContentPacks/AnimalVarietyPack/DeerStagAndDoe/Animations/ANIM_DeerDoe_RestToGoBackUp.uasset" 196
"D:/Unreal Projects/RPG/Content/ContentPacks/AnimalVarietyPack/DeerStagAndDoe/Animations/ANIM_DeerDoe_Run.uasset" 197
"D:/Unreal Projects/RPG/Content/ContentPacks/AnimalVarietyPack/DeerStagAndDoe/Animations/ANIM_DeerDoe_IdleBreathe.uasset" 198
"D:/Unreal Projects/RPG/Content/ContentPacks/AnimalVarietyPack/DeerStagAndDoe/Animations/ANIM_DeerDoe_IdleLookAround1.uasset" 199
"D:/Unreal Projects/RPG/Content/ContentPacks/AnimalVarietyPack/DeerStagAndDoe/Animations/ANIM_DeerDoe_Walk.uasset" 200
"D:/Unreal Projects/RPG/Content/Characters/Blend1D_DeerDoe_IdleRun.uasset" 201
"../../../Engine/Content/EditorBlueprintResources/StandardMacros.uasset" 202
"D:/Unreal Projects/RPG/Content/Characters/AnimBP_DeerDoe.uasset" 203
"D:/Unreal Projects/RPG/Content/ContentPacks/AnimalVarietyPack/DeerStagAndDoe/Animations/ANIM_DeerDoe_GrazeOnce.uasset" 204
"D:/Unreal Projects/RPG/Content/ContentPacks/AnimalVarietyPack/DeerStagAndDoe/Animations/ANIM_DeerDoe_IdleSleep.uasset" 205
"D:/Unreal Projects/RPG/Content/ContentPacks/AnimalVarietyPack/DeerStagAndDoe/Animations/ANIM_DeerDoe_SleepToGoBackUp.uasset" 206
"D:/Unreal Projects/RPG/Content/Blueprints/AbilitiesComponent.uasset" 207
"../../../Engine/Content/EngineResources/Black.uasset" 208
"D:/Unreal Projects/RPG/Content/ContentPacks/InfinityBladeEffects/Effects/Masters/M_Add_Sprite_Master_DepthFade.uasset" 209
"D:/Unreal Projects/RPG/Content/ContentPacks/InfinityBladeEffects/Effects/FX_Textures/Gradient/T_starFlare_01.uasset" 210
"D:/Unreal Projects/RPG/Content/ContentPacks/InfinityBladeEffects/Effects/FX_Materials/Gradient/M_Flare_01_INST.uasset" 211
"D:/Unreal Projects/RPG/Content/ContentPacks/InfinityBladeEffects/Effects/FX_Textures/Gradient/T_starFlare_02.uasset" 212
"D:/Unreal Projects/RPG/Content/ContentPacks/InfinityBladeEffects/Effects/FX_Materials/Gradient/M_Flare_02_INST.uasset" 213
"D:/Unreal Projects/RPG/Content/ContentPacks/InfinityBladeEffects/Effects/FX_Textures/Gradient/T_SoftFallOff.uasset" 214
"D:/Unreal Projects/RPG/Content/ContentPacks/InfinityBladeEffects/Effects/FX_Materials/Gradient/M_Flare_03_INST.uasset" 215
"D:/Unreal Projects/RPG/Content/ContentPacks/InfinityBladeEffects/Effects/Masters/M_Add_Sprite_Master.uasset" 216
"D:/Unreal Projects/RPG/Content/ContentPacks/InfinityBladeEffects/Effects/FX_Textures/Gradient/T_LightCone.uasset" 217
"D:/Unreal Projects/RPG/Content/ContentPacks/InfinityBladeEffects/Effects/FX_Materials/Gradient/M_Flare_Vertical_02_Inst.uasset" 218
"D:/Unreal Projects/RPG/Content/Particles/P_Loot_Pickup.uasset" 219
"D:/Unreal Projects/RPG/Content/Blueprints/FocusComponent.uasset" 220
"D:/Unreal Projects/RPG/Content/SoundFX/SFX/Sparkling_Focus.uasset" 221
"D:/Unreal Projects/RPG/Content/Blueprints/BP_FocusSphere.uasset" 222
"D:/Unreal Projects/RPG/Content/Quest/F_QuestInfo.uasset" 223
"D:/Unreal Projects/RPG/Content/Quest/DT_QuestInfo.uasset" 224
"D:/Unreal Projects/RPG/Content/Blueprints/BP_RPGGameInstance.uasset" 225
"D:/Unreal Projects/RPG/Content/UI/UMG_HUD_ActiveQuests_Info.uasset" 226
"D:/Unreal Projects/RPG/Content/UI/UMG_HUD_ActiveQuests.uasset" 227
"D:/Unreal Projects/RPG/Content/Blueprints/BP_Save.uasset" 228
"D:/Unreal Projects/RPG/Content/ContentPacks/InfinityBladeEffects/Effects/Masters/M_Trans_Sprite_SubUV_Master_DepthFade.uasset" 229
"D:/Unreal Projects/RPG/Content/ContentPacks/InfinityBladeEffects/Effects/FX_Textures/Smoke/T_Smoke_subUV_01.uasset" 230
"D:/Unreal Projects/RPG/Content/ContentPacks/InfinityBladeEffects/Effects/FX_Materials/Smoke/M_Smoke_02_Trans_6X6_INST.uasset" 231
"D:/Unreal Projects/RPG/Content/Particles/P_Dust_groundCoat_Smoke.uasset" 232
"D:/Unreal Projects/RPG/Content/Particles/P_Dust_Heavy_StrongWind.uasset" 233
"D:/Unreal Projects/RPG/Content/Particles/P_Dust_Smoke.uasset" 234
"D:/Unreal Projects/RPG/Content/Blueprints/BP_Smoke.uasset" 235
"D:/Unreal Projects/RPG/Content/Interactables/BP_Item_Base_Randomized.uasset" 236
"D:/Unreal Projects/RPG/Content/ContentPacks/AdvancedVillagePack/Textures/T_Detail_N.uasset" 237
"D:/Unreal Projects/RPG/Content/ContentPacks/AdvancedVillagePack/Textures/T_Pack_06_D.uasset" 238
"D:/Unreal Projects/RPG/Content/ContentPacks/AdvancedVillagePack/Textures/T_Pack_06_N.uasset" 239
"D:/Unreal Projects/RPG/Content/ContentPacks/AdvancedVillagePack/Textures/T_Pack_06_O.uasset" 240
"D:/Unreal Projects/RPG/Content/ContentPacks/AdvancedVillagePack/Textures/T_Pack_06_RM.uasset" 241
"D:/Unreal Projects/RPG/Content/ContentPacks/AdvancedVillagePack/Materials/M_Uber_Cutout.uasset" 242
"D:/Unreal Projects/RPG/Content/ContentPacks/AdvancedVillagePack/Materials/M_Inst_Pack_06_Cutout.uasset" 243
"D:/Unreal Projects/RPG/Content/ContentPacks/AdvancedVillagePack/Meshes/SM_Flower_Var01.uasset" 244
"D:/Unreal Projects/RPG/Content/ContentPacks/AdvancedVillagePack/Meshes/SM_Flower_Var02.uasset" 245
"D:/Unreal Projects/RPG/Content/ContentPacks/AdvancedVillagePack/Meshes/SM_Flower_Var03.uasset" 246
"D:/Unreal Projects/RPG/Content/ContentPacks/AdvancedVillagePack/Meshes/SM_Flower_Var04.uasset" 247
"D:/Unreal Projects/RPG/Content/ContentPacks/AdvancedVillagePack/Meshes/SM_Flower_Var05.uasset" 248
"D:/Unreal Projects/RPG/Content/ContentPacks/AdvancedVillagePack/Meshes/SM_Flower_Var06.uasset" 249
"D:/Unreal Projects/RPG/Content/SoundFX/SFX/EatingLeaves_Cue.uasset" 250
"D:/Unreal Projects/RPG/Content/Interactables/BP_Item_Food_Flower.uasset" 251
"D:/Unreal Projects/RPG/Content/ContentPacks/AdvancedVillagePack/Textures/T_Pack_TreeLeafs_D.uasset" 252
"D:/Unreal Projects/RPG/Content/ContentPacks/AdvancedVillagePack/Textures/T_Pack_TreeLeafs_Mask.uasset" 253
"D:/Unreal Projects/RPG/Content/ContentPacks/AdvancedVillagePack/Textures/T_Pack_TreeLeafs_N.uasset" 254
"D:/Unreal Projects/RPG/Content/ContentPacks/AdvancedVillagePack/Textures/T_Pack_TreeLeafs_O.uasset" 255
"D:/Unreal Projects/RPG/Content/ContentPacks/AdvancedVillagePack/Textures/T_Pack_TreeLeafs_RM.uasset" 256
"D:/Unreal Projects/RPG/Content/ContentPacks/AdvancedVillagePack/Materials/M_Uber_Cutout_Wind.uasset" 257
"D:/Unreal Projects/RPG/Content/ContentPacks/AdvancedVillagePack/Textures/Landscape/T_Foliage_Var01_D.uasset" 258
"D:/Unreal Projects/RPG/Content/ContentPacks/AdvancedVillagePack/Textures/Landscape/T_Foliage_Var01_O.uasset" 259
"D:/Unreal Projects/RPG/Content/ContentPacks/AdvancedVillagePack/Materials/M_Inst_Landscape_Foliage_Var01.uasset" 260
"D:/Unreal Projects/RPG/Content/ContentPacks/AdvancedVillagePack/Meshes/SM_GrassPatch_Var01.uasset" 261
"D:/Unreal Projects/RPG/Content/ContentPacks/AdvancedVillagePack/Materials/M_Simple_Cutout_Wind.uasset" 262
"D:/Unreal Projects/RPG/Content/ContentPacks/AdvancedVillagePack/Textures/Landscape/T_Foliage_Var02_D.uasset" 263
"D:/Unreal Projects/RPG/Content/ContentPacks/AdvancedVillagePack/Textures/Landscape/T_Foliage_Var02_O.uasset" 264
"D:/Unreal Projects/RPG/Content/ContentPacks/AdvancedVillagePack/Materials/M_Inst_Landscape_Foliage_Var02.uasset" 265
"D:/Unreal Projects/RPG/Content/ContentPacks/AdvancedVillagePack/Meshes/SM_GrassPatch_Var02.uasset" 266
"D:/Unreal Projects/RPG/Content/ContentPacks/AdvancedVillagePack/Textures/Landscape/T_Foliage_Var03_D.uasset" 267
"D:/Unreal Projects/RPG/Content/ContentPacks/AdvancedVillagePack/Textures/Landscape/T_Foliage_Var03_O.uasset" 268
"D:/Unreal Projects/RPG/Content/ContentPacks/AdvancedVillagePack/Materials/M_Inst_Landscape_Foliage_Var03.uasset" 269
"D:/Unreal Projects/RPG/Content/ContentPacks/AdvancedVillagePack/Meshes/SM_GrassPatch_Var03.uasset" 270
"../../../Engine/Content/Functions/Engine_MaterialFunctions01/Gradient/LinearGradient.uasset" 271
"../../../Engine/Content/Functions/Engine_MaterialFunctions01/WorldPositionOffset/SimpleGrassWind.uasset" 272
"D:/Unreal Projects/RPG/Content/ContentPacks/ProceduralNaturePack/Textures/clouds.uasset" 273
"D:/Unreal Projects/RPG/Content/ContentPacks/ProceduralNaturePack/Textures/grass_alpha_bsm.uasset" 274
"D:/Unreal Projects/RPG/Content/ContentPacks/ProceduralNaturePack/Textures/grass_alpha_nrm.uasset" 275
"D:/Unreal Projects/RPG/Content/ContentPacks/ProceduralNaturePack/Textures/grass_alpha_rgm.uasset" 276
"D:/Unreal Projects/RPG/Content/ContentPacks/ProceduralNaturePack/Materials/master_foliage.uasset" 277
"D:/Unreal Projects/RPG/Content/ContentPacks/ProceduralNaturePack/Materials/grass/grass_a.uasset" 278
"D:/Unreal Projects/RPG/Content/ContentPacks/ProceduralNaturePack/Materials/grass/grass_a_cheap_distant.uasset" 279
"D:/Unreal Projects/RPG/Content/ContentPacks/ProceduralNaturePack/Meshes/grass/grass_small_01.uasset" 280
"D:/Unreal Projects/RPG/Content/Interactables/BP_Item_Food_Grass.uasset" 281
"D:/Unreal Projects/RPG/Content/ContentPacks/AdvancedVillagePack/Textures/T_Pack_01_D.uasset" 282
"D:/Unreal Projects/RPG/Content/ContentPacks/AdvancedVillagePack/Textures/T_Pack_01_N.uasset" 283
"D:/Unreal Projects/RPG/Content/ContentPacks/AdvancedVillagePack/Textures/T_Pack_01_RM.uasset" 284
"D:/Unreal Projects/RPG/Content/ContentPacks/AdvancedVillagePack/Textures/T_Pack_03_E.uasset" 285
"D:/Unreal Projects/RPG/Content/ContentPacks/AdvancedVillagePack/Materials/M_Uber.uasset" 286
"D:/Unreal Projects/RPG/Content/ContentPacks/AdvancedVillagePack/Textures/T_Pack_02_D.uasset" 287
"D:/Unreal Projects/RPG/Content/ContentPacks/AdvancedVillagePack/Textures/T_Pack_02_N.uasset" 288
"D:/Unreal Projects/RPG/Content/ContentPacks/AdvancedVillagePack/Textures/T_Pack_02_RM.uasset" 289
"D:/Unreal Projects/RPG/Content/ContentPacks/AdvancedVillagePack/Materials/M_Inst_Pack_02.uasset" 290
"D:/Unreal Projects/RPG/Content/ContentPacks/AdvancedVillagePack/Meshes/SM_Mushroom_Var01.uasset" 291
"D:/Unreal Projects/RPG/Content/ContentPacks/AdvancedVillagePack/Meshes/SM_Mushroom_Var02.uasset" 292
"D:/Unreal Projects/RPG/Content/ContentPacks/AdvancedVillagePack/Meshes/SM_Mushroom_Var03.uasset" 293
"D:/Unreal Projects/RPG/Content/ContentPacks/AdvancedVillagePack/Meshes/SM_Mushroom_Var04.uasset" 294
"D:/Unreal Projects/RPG/Content/ContentPacks/AdvancedVillagePack/Meshes/SM_Mushroom_Var05.uasset" 295
"D:/Unreal Projects/RPG/Content/ContentPacks/AdvancedVillagePack/Meshes/SM_Mushroom_Var06.uasset" 296
"D:/Unreal Projects/RPG/Content/Interactables/BP_Item_Food_Mushroom.uasset" 297
"D:/Unreal Projects/RPG/Content/Quest/QuestComponent.uasset" 298
"D:/Unreal Projects/RPG/Content/ContentPacks/InfinityBladeEffects/Effects/Masters/M_Add_Sprite_2Sided_Master.uasset" 299
"D:/Unreal Projects/RPG/Content/ContentPacks/InfinityBladeEffects/Effects/FX_Textures/Gradient/T_SwipeTrail.uasset" 300
"D:/Unreal Projects/RPG/Content/ContentPacks/InfinityBladeEffects/Effects/FX_Materials/Trails/M_Swipe_Mesh_Add_2Sided_01_INST.uasset" 301
"D:/Unreal Projects/RPG/Content/ContentPacks/InfinityBladeEffects/Effects/FX_Meshes/Skills/SM_Spiral_Swirl_01.uasset" 302
"D:/Unreal Projects/RPG/Content/Particles/P_InteractionFeedback_Quest.uasset" 303
"D:/Unreal Projects/RPG/Content/Interactables/BP_Item_Quest.uasset" 304
"D:/Unreal Projects/RPG/Content/Interactables/DT_ItemInfo.uasset" 305
"D:/Unreal Projects/RPG/Content/Interactables/BP_Item_Base.uasset" 306
"D:/Unreal Projects/RPG/Content/Interactables/F_ItemInfo.uasset" 307
"D:/Unreal Projects/RPG/Content/Interactables/BPI_Interactor.uasset" 308
"D:/Unreal Projects/RPG/Content/ContentPacks/AdvancedVillagePack/Textures/Effects/T_Water_N.uasset" 309
"D:/Unreal Projects/RPG/Content/ContentPacks/AdvancedVillagePack/Materials/M_Water.uasset" 310
"../../../Engine/Content/EngineDebugMaterials/M_SimpleOpaque.uasset" 311
"../../../Engine/Content/EditorMaterials/Camera/MI_CineMat_CamViewFinder.uasset" 312
"../../../Engine/Content/BasicShapes/Cube.uasset" 313
"../../../Engine/Content/BasicShapes/Cylinder.uasset" 314
"D:/Unreal Projects/RPG/Content/ContentPacks/AdvancedVillagePack/Meshes/SM_Bucket.uasset" 315
"D:/Unreal Projects/RPG/Content/Quest/BP_Bucket.uasset" 316
"D:/Unreal Projects/RPG/Content/Quest/F_Dialogue.uasset" 317
"D:/Unreal Projects/RPG/Content/Quest/DT_Dialogue.uasset" 318
"D:/Unreal Projects/RPG/Content/Interactables/F_InteractableDot.uasset" 319
"D:/Unreal Projects/RPG/Content/ContentPacks/AnimalVarietyPack/DeerStagAndDoe/Textures/T_DeeDoe_BaseColor.uasset" 320
"D:/Unreal Projects/RPG/Content/ContentPacks/AnimalVarietyPack/DeerStagAndDoe/Textures/T_DeeDoe_Nml.uasset" 321
"D:/Unreal Projects/RPG/Content/ContentPacks/AnimalVarietyPack/DeerStagAndDoe/Textures/T_DeerDoe_OcclusionRoughnessMetallic.uasset" 322
"D:/Unreal Projects/RPG/Content/ContentPacks/AnimalVarietyPack/DeerStagAndDoe/Textures/T_Stag_Specular.uasset" 323
"D:/Unreal Projects/RPG/Content/ContentPacks/AnimalVarietyPack/DeerStagAndDoe/Materials/M_DeerDoe.uasset" 324
"D:/Unreal Projects/RPG/Content/ContentPacks/AnimalVarietyPack/DeerStagAndDoe/Materials/M_DeerDoeFur.uasset" 325
"D:/Unreal Projects/RPG/Content/ContentPacks/AnimalVarietyPack/DeerStagAndDoe/Meshes/SK_DeerDoe_PhysicsAsset.uasset" 326
"D:/Unreal Projects/RPG/Content/ContentPacks/AnimalVarietyPack/DeerStagAndDoe/Meshes/SK_DeerDoe.uasset" 327
"D:/Unreal Projects/RPG/Content/ContentPacks/InfinityBladeEffects/Effects/Masters/M_Trans_Sprite_Lit_SubUV_Master.uasset" 328
"D:/Unreal Projects/RPG/Content/ContentPacks/InfinityBladeEffects/Effects/FX_Textures/Damage/T_Rocks_3_3.uasset" 329
"D:/Unreal Projects/RPG/Content/ContentPacks/InfinityBladeEffects/Effects/FX_Materials/Damage/M_RockDebris_Trans_INST.uasset" 330
"D:/Unreal Projects/RPG/Content/ContentPacks/InfinityBladeEffects/Effects/Masters/M_Add_Sprite_SubUV_Master.uasset" 331
"D:/Unreal Projects/RPG/Content/ContentPacks/InfinityBladeEffects/Effects/FX_Textures/Smoke/T_SmokeBall_01_8_8.uasset" 332
"D:/Unreal Projects/RPG/Content/ContentPacks/InfinityBladeEffects/Effects/FX_Materials/Smoke/M_Smoke_01_8X8_INST.uasset" 333
"D:/Unreal Projects/RPG/Content/ContentPacks/InfinityBladeEffects/Effects/Masters/M_Add_Trail_2Sided_Pan_Emis_Master.uasset" 334
"D:/Unreal Projects/RPG/Content/ContentPacks/InfinityBladeEffects/Effects/FX_Textures/Gradient/T_SwipeTrail_02.uasset" 335
"D:/Unreal Projects/RPG/Content/ContentPacks/InfinityBladeEffects/Effects/FX_Materials/Trails/M_SwipeTrail_Add_2sided_Base_Pan_INST.uasset" 336
"D:/Unreal Projects/RPG/Content/ContentPacks/InfinityBladeEffects/Effects/FX_Meshes/Skills/SM_ChargeMesh.uasset" 337
"D:/Unreal Projects/RPG/Content/Particles/P_Charge_Untyped_Charge.uasset" 338
"D:/Unreal Projects/RPG/Content/UI/UMG_BlackScreen.uasset" 339
"D:/Unreal Projects/RPG/Content/UI/UMG_HUD_Dialogue.uasset" 340
"D:/Unreal Projects/RPG/Content/UI/Fonts/leaf1.uasset" 341
"D:/Unreal Projects/RPG/Content/UI/Fonts/leaf1_Font.uasset" 342
"../../../Engine/Content/Functions/Engine_MaterialFunctions01/Gradient/SphereGradient-2D.uasset" 343
"../../../Engine/Content/Functions/Engine_MaterialFunctions02/Utility/VectorToRadialValue.uasset" 344
"D:/Unreal Projects/RPG/Content/UI/CircularProgressBar_Mat.uasset" 345
"D:/Unreal Projects/RPG/Content/UI/Icons/noun_Deer_198579.uasset" 346
"D:/Unreal Projects/RPG/Content/UI/Icons/noun_Goat_Skull_78683.uasset" 347
"D:/Unreal Projects/RPG/Content/UI/Icons/noun_leaf_2716871_white.uasset" 348
"D:/Unreal Projects/RPG/Content/UI/UMG_HUD_Stats.uasset" 349
"D:/Unreal Projects/RPG/Content/Quest/Enum_QuestState.uasset" 350
"D:/Unreal Projects/RPG/Content/Quest/F_QuestNotification.uasset" 351
"D:/Unreal Projects/RPG/Content/UI/Icons/noun_Cursor_2012859.uasset" 352
"D:/Unreal Projects/RPG/Content/UI/Button_Continue_Escape.uasset" 353
"D:/Unreal Projects/RPG/Content/SoundFX/SFX/ping.uasset" 354
"D:/Unreal Projects/RPG/Content/UI/UMG_QuestNotification.uasset" 355
"D:/Unreal Projects/RPG/Content/UI/UMG_NotificationQueue.uasset" 356
"../../../Engine/Content/VREditor/Sounds/UI/Click_on_Button_Cue.uasset" 357
"D:/Unreal Projects/RPG/Content/UI/UMG_PerkTree.uasset" 358
"D:/Unreal Projects/RPG/Content/UI/Fonts/Love_Nature.uasset" 359
"D:/Unreal Projects/RPG/Content/UI/Fonts/Love_Nature_Font.uasset" 360
"D:/Unreal Projects/RPG/Content/UI/UMG_QuestLog_Info.uasset" 361
"D:/Unreal Projects/RPG/Content/UI/UMG_QuestLog.uasset" 362
"D:/Unreal Projects/RPG/Content/UI/UMG_TutorialPopup.uasset" 363
"D:/Unreal Projects/RPG/Content/Blueprints/BP_RPGCharacter.uasset" 364
"D:/Unreal Projects/RPG/Content/Particles/P_InteractionFeedback.uasset" 365
"D:/Unreal Projects/RPG/Content/Interactables/BP_Interactable_Base.uasset" 366
"D:/Unreal Projects/RPG/Content/Interactables/BP_Item_Quest_Bucket.uasset" 367
"D:/Unreal Projects/RPG/Content/Blueprints/BP_BabyDeerPath.uasset" 368
"../../../Engine/Content/MapTemplates/Materials/BasicAsset03.uasset" 369
"D:/Unreal Projects/RPG/Content/Blueprints/BP_Dialogue.uasset" 370
"D:/Unreal Projects/RPG/Content/ContentPacks/AnimalVarietyPack/DeerStagAndDoe/Animations/ANIM_DeerDoe_IdleLookAround.uasset" 371
"D:/Unreal Projects/RPG/Content/Blueprints/BP_BabyDeer.uasset" 372
"D:/Unreal Projects/RPG/Content/Interactables/BP_Item_Quest_BabyDeer.uasset" 373
"D:/Unreal Projects/RPG/Content/ContentPacks/AnimalVarietyPack/DeerStagAndDoe/Meshes/SK_DeerStag_Skeleton.uasset" 374
"D:/Unreal Projects/RPG/Content/ContentPacks/AnimalVarietyPack/DeerStagAndDoe/Animations/ANIM_DeerStag_IdleBreathe.uasset" 375
"D:/Unreal Projects/RPG/Content/ContentPacks/AnimalVarietyPack/DeerStagAndDoe/Animations/ANIM_DeerDoe_Death.uasset" 376
"D:/Unreal Projects/RPG/Content/Blueprints/BP_MomDoe.uasset" 377
"D:/Unreal Projects/RPG/Content/ContentPacks/AnimalVarietyPack/DeerStagAndDoe/Animations/ANIM_DeerStag_IdleGraze.uasset" 378
"D:/Unreal Projects/RPG/Content/ContentPacks/AnimalVarietyPack/DeerStagAndDoe/Textures/T_Stag_BaseColor.uasset" 379
"D:/Unreal Projects/RPG/Content/ContentPacks/AnimalVarietyPack/DeerStagAndDoe/Textures/T_Stag_Nml.uasset" 380
"D:/Unreal Projects/RPG/Content/ContentPacks/AnimalVarietyPack/DeerStagAndDoe/Textures/T_Stag_OcclusionRoughnessMetllic.uasset" 381
"D:/Unreal Projects/RPG/Content/ContentPacks/AnimalVarietyPack/DeerStagAndDoe/Materials/M_DeerStag.uasset" 382
"D:/Unreal Projects/RPG/Content/ContentPacks/AnimalVarietyPack/DeerStagAndDoe/Materials/M_DeerStagFur.uasset" 383
"D:/Unreal Projects/RPG/Content/ContentPacks/AnimalVarietyPack/DeerStagAndDoe/Meshes/SK_DeerStag_PhysicsAsset.uasset" 384
"D:/Unreal Projects/RPG/Content/ContentPacks/AnimalVarietyPack/DeerStagAndDoe/Meshes/SK_DeerStag.uasset" 385
"D:/Unreal Projects/RPG/Content/Blueprints/BP_Stag.uasset" 386
"../../../Engine/Content/VREditor/UI/ArrowMaterial.uasset" 387
"D:/Unreal Projects/RPG/Content/ContentPacks/InfinityBladeEffects/Effects/FX_Textures/Gradient/T_GlowNoise_Circular_02.uasset" 388
"D:/Unreal Projects/RPG/Content/ContentPacks/InfinityBladeEffects/Effects/FX_Materials/Gradient/M_Flare_Noise_01_Inst.uasset" 389
"D:/Unreal Projects/RPG/Content/Particles/P_DeadMans_Loot.uasset" 390
"D:/Unreal Projects/RPG/Content/Quest/BP_QuestTrigger.uasset" 391
"D:/Unreal Projects/RPG/Content/ContentPacks/InfinityBladeEffects/Effects/FX_Treasure/Gold_Bag/P_GoldSparkle_Bag_Loop.uasset" 392
"D:/Unreal Projects/RPG/Content/SoundFX/SFX/Notification_Quest1.uasset" 393
"D:/Unreal Projects/RPG/Content/Quest/BP_QuestTrigger_Completor.uasset" 394
"D:/Unreal Projects/RPG/Content/Quest/BP_QuestTrigger_Completor_Bucket.uasset" 395
"D:/Unreal Projects/RPG/Content/UI/Icons/noun_Heart_1353242.uasset" 396
"D:/Unreal Projects/RPG/Content/UI/UMG_DemoNotification.uasset" 397
"D:/Unreal Projects/RPG/Content/Blueprints/BP_Finishgame.uasset" 398
"D:/Unreal Projects/RPG/Content/ContentPacks/InfinityBladeEffects/Effects/FX_Textures/Fire/T_Fire_subUV_6X6.uasset" 399
"D:/Unreal Projects/RPG/Content/ContentPacks/InfinityBladeEffects/Effects/FX_Materials/Fire/M_Fire_01_Add_6X6_INST.uasset" 400
"D:/Unreal Projects/RPG/Content/ContentPacks/InfinityBladeEffects/Effects/FX_Textures/Gradient/T_starFlare_03.uasset" 401
"D:/Unreal Projects/RPG/Content/ContentPacks/InfinityBladeEffects/Effects/FX_Materials/Gradient/M_Flare_04_INST.uasset" 402
"D:/Unreal Projects/RPG/Content/ContentPacks/InfinityBladeEffects/Effects/FX_Textures/Spark/T_Sparks_04_SubUV_1_4.uasset" 403
"D:/Unreal Projects/RPG/Content/ContentPacks/InfinityBladeEffects/Effects/FX_Materials/Spark/M_Spark_04_SubUV_1_4_INST.uasset" 404
"D:/Unreal Projects/RPG/Content/Particles/P_Fire_largeArea_Trans_mobile.uasset" 405
"D:/Unreal Projects/RPG/Content/Blueprints/BP_Fire.uasset" 406
"D:/Unreal Projects/RPG/Content/SoundFX/Music/Sad_Guitar_Loop.uasset" 407
"D:/Unreal Projects/RPG/Content/UI/UMG_LocationText.uasset" 408
"D:/Unreal Projects/RPG/Content/Blueprints/BP_RPGGameMode.uasset" 409
"../../../Engine/Content/MapTemplates/Materials/BasicAsset01.uasset" 410
"D:/Unreal Projects/RPG/Content/Blueprints/BP_LocationTextTrigger.uasset" 411
"D:/Unreal Projects/RPG/Content/Quest/DT_Notifications.uasset" 412
"../../../Engine/Content/Functions/Engine_MaterialFunctions02/Utility/BlendAngleCorrectedNormals.uasset" 413
"../../../Engine/Content/EngineMaterials/BlendFunc_DefBase.uasset" 414
"../../../Engine/Content/EngineMaterials/BlendFunc_DefBlend.uasset" 415
"../../../Engine/Content/Functions/Engine_MaterialFunctions03/Blends/Blend_ColorBurn.uasset" 416
"D:/Unreal Projects/RPG/Content/ContentPacks/PhotoR_Backgrounds/Textures/landscape_splat.uasset" 417
"D:/Unreal Projects/RPG/Content/ContentPacks/PhotoR_Backgrounds/Textures/SM_ground_gravel_b_d.uasset" 418
"D:/Unreal Projects/RPG/Content/ContentPacks/PhotoR_Backgrounds/Textures/SM_ground_gravel_b_n.uasset" 419
"D:/Unreal Projects/RPG/Content/ContentPacks/PhotoR_Backgrounds/Textures/SM_ground_gravel_c_d.uasset" 420
"D:/Unreal Projects/RPG/Content/ContentPacks/PhotoR_Backgrounds/Textures/SM_ground_gravel_c_n.uasset" 421
"D:/Unreal Projects/RPG/Content/ContentPacks/PhotoR_Backgrounds/Textures/SM_sand_pebbles_a_d.uasset" 422
"D:/Unreal Projects/RPG/Content/ContentPacks/PhotoR_Backgrounds/Textures/SM_sand_pebbles_a_n.uasset" 423
"D:/Unreal Projects/RPG/Content/ContentPacks/PhotoR_Backgrounds/Textures/snow_terrain_n.uasset" 424
"D:/Unreal Projects/RPG/Content/ContentPacks/PhotoR_Backgrounds/Materials/afghan_terrain.uasset" 425
"D:/Unreal Projects/RPG/Content/Blueprints/BP_NotificationTrigger.uasset" 426
"D:/Unreal Projects/RPG/Content/ContentPacks/AdvancedVillagePack/Animations/Butterfly_Anim_Var01_Skeleton.uasset" 427
"D:/Unreal Projects/RPG/Content/ContentPacks/AdvancedVillagePack/Animations/Butterfly_Anim_Var01_Anim.uasset" 428
"D:/Unreal Projects/RPG/Content/ContentPacks/AdvancedVillagePack/Animations/Butterfly_Anim_Var02_Anim.uasset" 429
"D:/Unreal Projects/RPG/Content/ContentPacks/AdvancedVillagePack/Animations/Butterfly_Anim_Var03_Anim.uasset" 430
"D:/Unreal Projects/RPG/Content/ContentPacks/AdvancedVillagePack/Animations/Butterfly_Anim_Var04_Anim.uasset" 431
"D:/Unreal Projects/RPG/Content/ContentPacks/AdvancedVillagePack/Animations/Butterfly_Anim_Var05_Anim.uasset" 432
"D:/Unreal Projects/RPG/Content/ContentPacks/AdvancedVillagePack/Textures/Effects/T_Butterflies_D.uasset" 433
"D:/Unreal Projects/RPG/Content/ContentPacks/AdvancedVillagePack/Textures/Effects/T_Butterflies_O.uasset" 434
"D:/Unreal Projects/RPG/Content/ContentPacks/AdvancedVillagePack/Materials/M_Simple_Cutout.uasset" 435
"D:/Unreal Projects/RPG/Content/ContentPacks/AdvancedVillagePack/Materials/M_Inst_Butterflies.uasset" 436
"D:/Unreal Projects/RPG/Content/ContentPacks/AdvancedVillagePack/Animations/Butterfly_Anim_Var01.uasset" 437
"D:/Unreal Projects/RPG/Content/ContentPacks/AdvancedVillagePack/Meshes/ButterflyBody.uasset" 438
"D:/Unreal Projects/RPG/Content/ContentPacks/AdvancedVillagePack/Meshes/ButterflyWing.uasset" 439
"D:/Unreal Projects/RPG/Content/ContentPacks/AdvancedVillagePack/Blueprints/BP_Butterfly.uasset" 440
"D:/Unreal Projects/RPG/Content/ContentPacks/AdvancedVillagePack/Textures/T_Pack_11_Leafs_DO.uasset" 441
"D:/Unreal Projects/RPG/Content/ContentPacks/AdvancedVillagePack/Materials/M_Pfx_Additive.uasset" 442
"D:/Unreal Projects/RPG/Content/ContentPacks/AdvancedVillagePack/Textures/Effects/T_Pfx_Spark.uasset" 443
"D:/Unreal Projects/RPG/Content/ContentPacks/AdvancedVillagePack/Materials/M_Inst_Pfx_Sparks.uasset" 444
"D:/Unreal Projects/RPG/Content/ContentPacks/AdvancedVillagePack/Effects/Pfx_LightInsects.uasset" 445
"D:/Unreal Projects/RPG/Content/ContentPacks/AdvancedVillagePack/Textures/T_Pack_03_D.uasset" 446
"D:/Unreal Projects/RPG/Content/ContentPacks/AdvancedVillagePack/Textures/T_Pack_03_N.uasset" 447
"D:/Unreal Projects/RPG/Content/ContentPacks/AdvancedVillagePack/Textures/T_Pack_03_RM.uasset" 448
"D:/Unreal Projects/RPG/Content/ContentPacks/AdvancedVillagePack/Materials/M_Inst_Pack_03.uasset" 449
"D:/Unreal Projects/RPG/Content/ContentPacks/AdvancedVillagePack/Meshes/SM_StreetLight.uasset" 450
"D:/Unreal Projects/RPG/Content/ContentPacks/AdvancedVillagePack/Blueprints/BP_Street_Lamp.uasset" 451
"D:/Unreal Projects/RPG/Content/ContentPacks/ProceduralNaturePack/Spline_BluePrints/data/River_Scale_Data.uasset" 452
"../../../Engine/Content/Functions/Engine_MaterialFunctions01/Coordinates/UVRemap_0-1_ToRange.uasset" 453
"../../../Engine/Content/Functions/Engine_MaterialFunctions02/Utility/MakeFloat4.uasset" 454
"../../../Engine/Content/MapTemplates/Sky/DaylightAmbientCubemap.uasset" 455
"D:/Unreal Projects/RPG/Content/ContentPacks/ProceduralNaturePack/Textures/tree_bark_01_ao.uasset" 456
"D:/Unreal Projects/RPG/Content/ContentPacks/ProceduralNaturePack/Textures/water_river_flow_nrm.uasset" 457
"D:/Unreal Projects/RPG/Content/ContentPacks/ProceduralNaturePack/Textures/water_river_flow_plx.uasset" 458
"D:/Unreal Projects/RPG/Content/ContentPacks/ProceduralNaturePack/Textures/water_river_foam_bsm.uasset" 459
"D:/Unreal Projects/RPG/Content/ContentPacks/ProceduralNaturePack/Materials/master_river_flow.uasset" 460
"D:/Unreal Projects/RPG/Content/ContentPacks/ProceduralNaturePack/Materials/water/river_flow_a.uasset" 461
"D:/Unreal Projects/RPG/Content/ContentPacks/ProceduralNaturePack/Meshes/water/river-plane-a.uasset" 462
"D:/Unreal Projects/RPG/Content/ContentPacks/ProceduralNaturePack/Spline_BluePrints/master_river_spline.uasset" 463
"D:/Unreal Projects/RPG/Content/ContentPacks/SoulCave/EffectsMobile/Drips/Textures/T_SandStorm_Mask.uasset" 464
"D:/Unreal Projects/RPG/Content/ContentPacks/SoulCave/EffectsMobile/SimpleFogSheet/Textures/T_EV_DustPanner_01.uasset" 465
"D:/Unreal Projects/RPG/Content/ContentPacks/SoulCave/EffectsMobile/SimpleFogSheet/Material/M_Fogsheet_cheap.uasset" 466
"D:/Unreal Projects/RPG/Content/ContentPacks/SoulCave/EffectsMobile/SimpleFogSheet/Material/MI_FogSheet_Cheap.uasset" 467
"D:/Unreal Projects/RPG/Content/ContentPacks/SoulCave/EffectsMobile/SimpleFogSheet/Mesh/SM_SimpleFogSheet.uasset" 468
"D:/Unreal Projects/RPG/Content/ContentPacks/SoulCave/EffectsMobile/SimpleFogSheet/BP/BP_simpleFogSheet.uasset" 469
"D:/Unreal Projects/RPG/Content/SoundFX/SFX/Notification_Quest.uasset" 470
"D:/Unreal Projects/RPG/Content/Quest/BP_QuestTrigger_ActivatorCompletorSkip.uasset" 471
"D:/Unreal Projects/RPG/Content/ContentPacks/AdvancedVillagePack/Meshes/SM_GrassPatch_Var01_FoliageType.uasset" 472
"D:/Unreal Projects/RPG/Content/ContentPacks/AdvancedVillagePack/Meshes/SM_GrassPatch_Var02_FoliageType.uasset" 473
"D:/Unreal Projects/RPG/Content/ContentPacks/AdvancedVillagePack/Meshes/SM_GrassPatch_Var03_FoliageType.uasset" 474
"D:/Unreal Projects/RPG/Content/ContentPacks/MegascansMeadowPack/Dandelion_01/Textures/Atlas/qlCc6_4K_Albedo.uasset" 475
"D:/Unreal Projects/RPG/Content/ContentPacks/MegascansMeadowPack/Dandelion_01/Textures/Atlas/qlCc6_4K_Normal.uasset" 476
"D:/Unreal Projects/RPG/Content/ContentPacks/MegascansMeadowPack/Dandelion_01/Textures/Atlas/qlCc6_4K_Opacity.uasset" 477
"D:/Unreal Projects/RPG/Content/ContentPacks/MegascansMeadowPack/Dandelion_01/Textures/Atlas/qlCc6_4K_Roughness.uasset" 478
"D:/Unreal Projects/RPG/Content/ContentPacks/MegascansMeadowPack/Dandelion_01/Textures/Atlas/qlCc6_4K_Translucency.uasset" 479
"D:/Unreal Projects/RPG/Content/ContentPacks/MegascansMeadowPack/Dandelion_01/Textures/Billboard/Billboard_4K_AO.uasset" 480
"D:/Unreal Projects/RPG/Content/ContentPacks/MegascansMeadowPack/Master_Materials/Megascans_Billboard_Master_Material.uasset" 481
"D:/Unreal Projects/RPG/Content/ContentPacks/MegascansMeadowPack/Clovers_01/Textures/Billboard/Billboard_4K_Albedo.uasset" 482
"D:/Unreal Projects/RPG/Content/ContentPacks/MegascansMeadowPack/Clovers_01/Textures/Billboard/Billboard_4K_AO.uasset" 483
"D:/Unreal Projects/RPG/Content/ContentPacks/MegascansMeadowPack/Clovers_01/Textures/Billboard/Billboard_4K_Normal.uasset" 484
"D:/Unreal Projects/RPG/Content/ContentPacks/MegascansMeadowPack/Clovers_01/Textures/Billboard/Billboard_4K_Opacity.uasset" 485
"D:/Unreal Projects/RPG/Content/ContentPacks/MegascansMeadowPack/Clovers_01/Textures/Billboard/Billboard_4K_Roughness.uasset" 486
"D:/Unreal Projects/RPG/Content/ContentPacks/MegascansMeadowPack/Clovers_01/Textures/Billboard/Billboard_4K_Translucency.uasset" 487
"D:/Unreal Projects/RPG/Content/ContentPacks/MegascansMeadowPack/Clovers_01/Textures/Billboard/MI_Clovers_Billboard_01.uasset" 488
"D:/Unreal Projects/RPG/Content/ContentPacks/MegascansMeadowPack/Clovers_01/Var1/Clovers_01_Var1_LOD3.uasset" 489
"D:/Unreal Projects/RPG/Content/ContentPacks/MegascansMeadowPack/Clovers_01/Var1/Clovers_01_Var1_LOD3_FoliageType.uasset" 490
"D:/Unreal Projects/RPG/Content/ContentPacks/MegascansMeadowPack/Clovers_01/Var2/Clovers_01_Var2_LOD3.uasset" 491
"D:/Unreal Projects/RPG/Content/ContentPacks/MegascansMeadowPack/Clovers_01/Var2/Clovers_01_Var2_LOD3_FoliageType.uasset" 492
"D:/Unreal Projects/RPG/Content/ContentPacks/MegascansMeadowPack/Dandelion_01/Textures/Billboard/Billboard_4K_Albedo.uasset" 493
"D:/Unreal Projects/RPG/Content/ContentPacks/MegascansMeadowPack/Dandelion_01/Textures/Billboard/Billboard_4K_Normal.uasset" 494
"D:/Unreal Projects/RPG/Content/ContentPacks/MegascansMeadowPack/Dandelion_01/Textures/Billboard/Billboard_4K_Opacity.uasset" 495
"D:/Unreal Projects/RPG/Content/ContentPacks/MegascansMeadowPack/Dandelion_01/Textures/Billboard/Billboard_4K_Roughness.uasset" 496
"D:/Unreal Projects/RPG/Content/ContentPacks/MegascansMeadowPack/Dandelion_01/Textures/Billboard/Billboard_4K_Translucency.uasset" 497
"D:/Unreal Projects/RPG/Content/ContentPacks/MegascansMeadowPack/Dandelion_01/Textures/Billboard/MI_Dandelion_Billboard_01.uasset" 498
"D:/Unreal Projects/RPG/Content/ContentPacks/MegascansMeadowPack/Dandelion_01/Var1/Dandelion_01_Var1_LOD3.uasset" 499
"D:/Unreal Projects/RPG/Content/ContentPacks/MegascansMeadowPack/Dandelion_01/Var1/Dandelion_01_Var1_LOD3_FoliageType.uasset" 500
"D:/Unreal Projects/RPG/Content/ContentPacks/MegascansMeadowPack/Leaf_Pile_02/Textures/Billboard/Billboard_4K_Albedo.uasset" 501
"D:/Unreal Projects/RPG/Content/ContentPacks/MegascansMeadowPack/Leaf_Pile_02/Textures/Billboard/Billboard_4K_AO.uasset" 502
"D:/Unreal Projects/RPG/Content/ContentPacks/MegascansMeadowPack/Leaf_Pile_02/Textures/Billboard/Billboard_4K_Normal.uasset" 503
"D:/Unreal Projects/RPG/Content/ContentPacks/MegascansMeadowPack/Leaf_Pile_02/Textures/Billboard/Billboard_4K_Opacity.uasset" 504
"D:/Unreal Projects/RPG/Content/ContentPacks/MegascansMeadowPack/Leaf_Pile_02/Textures/Billboard/Billboard_4K_Roughness.uasset" 505
"D:/Unreal Projects/RPG/Content/ContentPacks/MegascansMeadowPack/Leaf_Pile_02/Textures/Billboard/Billboard_4K_Translucency.uasset" 506
"D:/Unreal Projects/RPG/Content/ContentPacks/MegascansMeadowPack/Leaf_Pile_02/Textures/Billboard/MI_Leaf_Pile_Billboard_02.uasset" 507
"D:/Unreal Projects/RPG/Content/ContentPacks/MegascansMeadowPack/Leaf_Pile_02/Var3/Leaf_Pile_02_Var3_LOD3.uasset" 508
"D:/Unreal Projects/RPG/Content/ContentPacks/MegascansMeadowPack/Leaf_Pile_02/Var3/Leaf_Pile_02_Var3_LOD3_FoliageType.uasset" 509
"D:/Unreal Projects/RPG/Content/FadeGameIn.uasset" 510
"D:/Unreal Projects/RPG/Content/Maps/PortfollioScene_BuiltData.uasset" 511
"../../../Engine/Content/BufferVisualization/BaseColor.uasset" 512
"../../../Engine/Content/Functions/Engine_MaterialFunctions02/Utility/BreakOutFloat3Components.uasset" 513
"D:/Unreal Projects/RPG/Content/ContentPacks/ProceduralNaturePack/Textures/rock_ground_mud-1_AO.uasset" 514
"D:/Unreal Projects/RPG/Content/ContentPacks/ProceduralNaturePack/Textures/rock_ground_mud-1_bsm.uasset" 515
"D:/Unreal Projects/RPG/Content/ContentPacks/ProceduralNaturePack/Textures/rock_ground_mud-1_nrm.uasset" 516
"D:/Unreal Projects/RPG/Content/ContentPacks/ProceduralNaturePack/Textures/rock_ground_mud-1_plx.uasset" 517
"D:/Unreal Projects/RPG/Content/ContentPacks/ProceduralNaturePack/Textures/rock_ground_mud-1_rgm.uasset" 518
"D:/Unreal Projects/RPG/Content/ContentPacks/ProceduralNaturePack/Materials/master_terrain_material.uasset" 519
"D:/Unreal Projects/RPG/Content/ContentPacks/ProceduralNaturePack/Textures/ground_mud_bsm_8192.uasset" 520
"D:/Unreal Projects/RPG/Content/ContentPacks/ProceduralNaturePack/Textures/ground_mud_nrm_8192.uasset" 521
"D:/Unreal Projects/RPG/Content/ContentPacks/ProceduralNaturePack/Textures/ground_mud_plx_8192.uasset" 522
"D:/Unreal Projects/RPG/Content/ContentPacks/ProceduralNaturePack/Textures/ground_mud_rgm_8192.uasset" 523
"D:/Unreal Projects/RPG/Content/ContentPacks/ProceduralNaturePack/Materials/terrain_materials/muddy_ground_large.uasset" 524
"../../../Engine/Content/EngineMaterials/DefaultPhysicalMaterial.uasset" 525
"D:/Unreal Projects/RPG/Content/ContentPacks/AdvancedVillagePack/Materials/M_Inst_Pack_06.uasset" 526
"D:/Unreal Projects/RPG/Content/ContentPacks/AdvancedVillagePack/Meshes/SM_Axe.uasset" 527
"D:/Unreal Projects/RPG/Content/ContentPacks/AdvancedVillagePack/Textures/T_Pack_07_D.uasset" 528
"D:/Unreal Projects/RPG/Content/ContentPacks/AdvancedVillagePack/Textures/T_Pack_07_N.uasset" 529
"D:/Unreal Projects/RPG/Content/ContentPacks/AdvancedVillagePack/Textures/T_Pack_07_RM.uasset" 530
"D:/Unreal Projects/RPG/Content/ContentPacks/AdvancedVillagePack/Materials/M_Inst_Pack_07.uasset" 531
"D:/Unreal Projects/RPG/Content/ContentPacks/AdvancedVillagePack/Meshes/SM_Boat.uasset" 532
"D:/Unreal Projects/RPG/Content/ContentPacks/AdvancedVillagePack/Meshes/SM_Crate_Closed.uasset" 533
"D:/Unreal Projects/RPG/Content/ContentPacks/AdvancedVillagePack/Materials/M_Inst_Pack_01.uasset" 534
"D:/Unreal Projects/RPG/Content/ContentPacks/AdvancedVillagePack/Meshes/SM_Fence_Var01.uasset" 535
"D:/Unreal Projects/RPG/Content/ContentPacks/AdvancedVillagePack/Meshes/SM_Fence_Var02.uasset" 536
"D:/Unreal Projects/RPG/Content/ContentPacks/AdvancedVillagePack/Meshes/SM_Fence_Var03.uasset" 537
"D:/Unreal Projects/RPG/Content/ContentPacks/AdvancedVillagePack/Meshes/SM_Fence_Var04.uasset" 538
"D:/Unreal Projects/RPG/Content/ContentPacks/AdvancedVillagePack/Meshes/SM_Sack_Var01.uasset" 539
"D:/Unreal Projects/RPG/Content/ContentPacks/AdvancedVillagePack/Meshes/SM_Treestump_Var01.uasset" 540
"D:/Unreal Projects/RPG/Content/ContentPacks/InfinityBladeEffects/Effects/FX_Textures/Gradient/FX_Glow_12alpha.uasset" 541
"D:/Unreal Projects/RPG/Content/ContentPacks/InfinityBladeEffects/Effects/FX_Materials/Gradient/M_Flare_09_Inst.uasset" 542
"D:/Unreal Projects/RPG/Content/ContentPacks/InfinityBladeEffects/Effects/FX_Textures/Spark/T_Sparks_03_SubUV_1_4.uasset" 543
"D:/Unreal Projects/RPG/Content/ContentPacks/InfinityBladeEffects/Effects/FX_Materials/Spark/M_Spark_03_1_4_INST.uasset" 544
"D:/Unreal Projects/RPG/Content/ContentPacks/InfinityBladeEffects/Effects/FX_Ambient/Fire/P_Env_Fire_Grate_01.uasset" 545
"D:/Unreal Projects/RPG/Content/ContentPacks/InfinityBladeEffects/Effects/Masters/M_Trans_Sprite_SubUV_Master.uasset" 546
"D:/Unreal Projects/RPG/Content/ContentPacks/InfinityBladeEffects/Effects/FX_Textures/Env/T_LeafFlip_6X6_01.uasset" 547
"D:/Unreal Projects/RPG/Content/ContentPacks/InfinityBladeEffects/Effects/FX_Materials/Env/M_LeafFlip_Trans_6X6_INST.uasset" 548
"D:/Unreal Projects/RPG/Content/ContentPacks/InfinityBladeEffects/Effects/FX_Ambient/leaves/P_DeadLeaves_Blow_Loop.uasset" 549
"D:/Unreal Projects/RPG/Content/ContentPacks/InfinityBladeEffects/Effects/FX_Ambient/leaves/P_DeadLeaves_Blow_Param.uasset" 550
"D:/Unreal Projects/RPG/Content/ContentPacks/InfinityBladeGrassLands/Effects/Masters/M_Trans_Sprite_SubUV_Master.uasset" 551
"D:/Unreal Projects/RPG/Content/ContentPacks/InfinityBladeGrassLands/Effects/FX_Textures/Env/T_LeafFlip_6X6_01.uasset" 552
"D:/Unreal Projects/RPG/Content/ContentPacks/InfinityBladeGrassLands/Effects/FX_Materials/Env/M_LeafFlip_Trans_6X6_INST.uasset" 553
"D:/Unreal Projects/RPG/Content/ContentPacks/InfinityBladeGrassLands/Effects/FX_Ambient/leaves/P_DeadLeaves_Blow_Loop.uasset" 554
"D:/Unreal Projects/RPG/Content/ContentPacks/InfinityBladeGrassLands/Environments/Misc/Exo_Deco02/Textures/T_HardWood_Floor_D.uasset" 555
"D:/Unreal Projects/RPG/Content/ContentPacks/InfinityBladeGrassLands/Environments/Misc/Exo_Deco02/Textures/T_HardWood_Floor_D_NRM.uasset" 556
"D:/Unreal Projects/RPG/Content/ContentPacks/InfinityBladeGrassLands/Environments/Misc/Exo_Deco02/Materials/M_HardWood_Floor.uasset" 557
"D:/Unreal Projects/RPG/Content/ContentPacks/InfinityBladeGrassLands/Environments/Misc/Exo_Deco02/StaticMesh/SM_Exo_WoodPlanks02.uasset" 558
"../../../Engine/Content/Functions/Engine_MaterialFunctions01/ImageAdjustment/CheapContrast.uasset" 559
"../../../Engine/Content/Functions/Engine_MaterialFunctions02/SafeNormalize.uasset" 560
"../../../Engine/Content/Functions/Engine_MaterialFunctions02/Math/CreateThirdOrthogonalVector.uasset" 561
"../../../Engine/Content/Functions/Engine_MaterialFunctions02/Math/Transform3x3Matrix.uasset" 562
"../../../Engine/Content/Functions/Engine_MaterialFunctions02/ExampleContent/Textures/SphereRenderNormalsMap.uasset" 563
"../../../Engine/Content/Functions/Engine_MaterialFunctions02/WorldAlignedNormals_HighQuality.uasset" 564
"../../../Engine/Content/EngineMaterials/DefaultNormal_Uncompressed.uasset" 565
"../../../Engine/Content/Functions/Engine_MaterialFunctions01/Texturing/WorldAlignedNormal.uasset" 566
"../../../Engine/Content/Functions/Engine_MaterialFunctions01/Texturing/WorldAlignedTexture.uasset" 567
"../../../Engine/Content/Functions/Engine_MaterialFunctions02/Texturing/HeightLerp.uasset" 568
"../../../Engine/Content/Functions/Engine_MaterialFunctions03/Blends/Blend_Overlay.uasset" 569
"D:/Unreal Projects/RPG/Content/ContentPacks/ProceduralNaturePack/Textures/moss_bsm.uasset" 570
"D:/Unreal Projects/RPG/Content/ContentPacks/ProceduralNaturePack/Textures/moss_nrm.uasset" 571
"D:/Unreal Projects/RPG/Content/ContentPacks/ProceduralNaturePack/Textures/moss_rgm.uasset" 572
"D:/Unreal Projects/RPG/Content/ContentPacks/ProceduralNaturePack/Textures/rock-a_ao.uasset" 573
"D:/Unreal Projects/RPG/Content/ContentPacks/ProceduralNaturePack/Textures/rock-a_bsm.uasset" 574
"D:/Unreal Projects/RPG/Content/ContentPacks/ProceduralNaturePack/Textures/rock-a_nrm.uasset" 575
"D:/Unreal Projects/RPG/Content/ContentPacks/ProceduralNaturePack/Textures/rock-a_plx.uasset" 576
"D:/Unreal Projects/RPG/Content/ContentPacks/ProceduralNaturePack/Textures/rock-a_rgm.uasset" 577
"D:/Unreal Projects/RPG/Content/ContentPacks/ProceduralNaturePack/Textures/rock_tiling_bsm-2.uasset" 578
"D:/Unreal Projects/RPG/Content/ContentPacks/ProceduralNaturePack/Textures/rock_tiling_nrm-2.uasset" 579
"D:/Unreal Projects/RPG/Content/ContentPacks/ProceduralNaturePack/Materials/master_rock_world_material.uasset" 580
"D:/Unreal Projects/RPG/Content/ContentPacks/ProceduralNaturePack/Textures/rock-b_bsm.uasset" 581
"D:/Unreal Projects/RPG/Content/ContentPacks/ProceduralNaturePack/Textures/rock-b_nrm.uasset" 582
"D:/Unreal Projects/RPG/Content/ContentPacks/ProceduralNaturePack/Textures/rock-b_plx.uasset" 583
"D:/Unreal Projects/RPG/Content/ContentPacks/ProceduralNaturePack/Textures/rock-b_rgm.uasset" 584
"D:/Unreal Projects/RPG/Content/ContentPacks/ProceduralNaturePack/Textures/rock_detail_nrm.uasset" 585
"D:/Unreal Projects/RPG/Content/ContentPacks/ProceduralNaturePack/Materials/rocks/boulder_b.uasset" 586
"D:/Unreal Projects/RPG/Content/ContentPacks/ProceduralNaturePack/Meshes/rocks_boulders/rock_boulder_b1.uasset" 587
"../../../Engine/Content/Functions/MaterialLayerFunctions/MatLayerBlend_AO.uasset" 588
"../../../Engine/Content/Functions/MaterialLayerFunctions/MatLayerBlend_BakedNormal.uasset" 589
"../../../Engine/Content/Functions/MaterialLayerFunctions/MatLayerBlend_Standard.uasset" 590
"D:/Unreal Projects/RPG/Content/ContentPacks/SoulCave/Environment/Materials/Functions/MF_FuzzyShading_JM.uasset" 591
"D:/Unreal Projects/RPG/Content/ContentPacks/SoulCave/Environment/Textures/Rock/T_Cave_Rock_Stalactite_M.uasset" 592
"D:/Unreal Projects/RPG/Content/ContentPacks/SoulCave/Environment/Materials/Functions/MF_Wetness.uasset" 593
"D:/Unreal Projects/RPG/Content/ContentPacks/SoulCave/Environment/Materials/MaterialLayers/MF_Solid_Color.uasset" 594
"D:/Unreal Projects/RPG/Content/ContentPacks/SoulCave/Environment/Textures/Rock/T_Cave_Rock_01_N.uasset" 595
"D:/Unreal Projects/RPG/Content/ContentPacks/SoulCave/Environment/Textures/Rock/T_Cave_Rock_01_D.uasset" 596
"D:/Unreal Projects/RPG/Content/ContentPacks/SoulCave/Environment/Materials/Rocks/MF_Cave_Rock01.uasset" 597
"D:/Unreal Projects/RPG/Content/ContentPacks/SoulCave/Environment/Textures/Rock/T_Cave_Rock_Detail_D.uasset" 598
"D:/Unreal Projects/RPG/Content/ContentPacks/SoulCave/Environment/Materials/Rocks/MF_Cave_Rock02.uasset" 599
"D:/Unreal Projects/RPG/Content/ContentPacks/SoulCave/Environment/Textures/Rock/T_Cave_Rock_Stalactite_N.uasset" 600
"D:/Unreal Projects/RPG/Content/ContentPacks/SoulCave/Environment/Materials/Rocks/M_Cave_Rock_MASTER.uasset" 601
"D:/Unreal Projects/RPG/Content/ContentPacks/SoulCave/Environment/Textures/Rock/T_Cave_Rock_Large02_M.uasset" 602
"D:/Unreal Projects/RPG/Content/ContentPacks/SoulCave/Environment/Textures/Rock/T_Cave_Rock_Large02_N.uasset" 603
"D:/Unreal Projects/RPG/Content/ContentPacks/SoulCave/Environment/Materials/Rocks/MI_Cave_Rock_Large02.uasset" 604
"D:/Unreal Projects/RPG/Content/ContentPacks/SoulCave/Environment/Meshes/Merged/SM_MergedMesh_Cave_Rock_Large02_5.uasset" 605
"D:/Unreal Projects/RPG/Content/ContentPacks/SoulCave/Environment/Textures/Foliage/T_Tree_Aspen_Bark_D.uasset" 606
"D:/Unreal Projects/RPG/Content/ContentPacks/SoulCave/Environment/Materials/Foliage/M_Aspen_Tree_Bark.uasset" 607
"D:/Unreal Projects/RPG/Content/ContentPacks/SoulCave/Environment/Textures/Foliage/T_Foliage_Leaves_D.uasset" 608
"D:/Unreal Projects/RPG/Content/ContentPacks/SoulCave/Environment/Materials/Foliage/M_Aspen_Tree_Unlit_Blowing.uasset" 609
"D:/Unreal Projects/RPG/Content/ContentPacks/SoulCave/Environment/Materials/Foliage/MI_Aspen_Tree_Lit_Blowing.uasset" 610
"D:/Unreal Projects/RPG/Content/ContentPacks/SoulCave/Environment/Meshes/Nature/SM_Aspen_Tree_01.uasset" 611
"D:/Unreal Projects/RPG/Content/ContentPacks/SoulCave/Environment/Materials/Functions/MF_VertexBlend_JM.uasset" 612
"D:/Unreal Projects/RPG/Content/ContentPacks/SoulCave/Environment/Textures/Rock/T_Moss_D.uasset" 613
"D:/Unreal Projects/RPG/Content/ContentPacks/SoulCave/Environment/Textures/Rock/T_Moss_N.uasset" 614
"D:/Unreal Projects/RPG/Content/ContentPacks/SoulCave/Environment/Materials/Rocks/MF_Cave_Moss.uasset" 615
"D:/Unreal Projects/RPG/Content/ContentPacks/SoulCave/Environment/Materials/Rocks/M_Cave_Rock_MASTER_VertexPaint_Moss.uasset" 616
"D:/Unreal Projects/RPG/Content/ContentPacks/SoulCave/Environment/Textures/Rock/T_Cave_Rock_Small_M.uasset" 617
"D:/Unreal Projects/RPG/Content/ContentPacks/SoulCave/Environment/Textures/Rock/T_Cave_Rock_Small_N.uasset" 618
"D:/Unreal Projects/RPG/Content/ContentPacks/SoulCave/Environment/Materials/Rocks/MI_Cave_Rock_Small_Moss.uasset" 619
"D:/Unreal Projects/RPG/Content/ContentPacks/SoulCave/Environment/Meshes/Nature/SM_Cave_Tree01.uasset" 620
"D:/Unreal Projects/RPG/Content/ContentPacks/SoulCave/Environment/Textures/Nature/T_VINETEXTURE_D.uasset" 621
"D:/Unreal Projects/RPG/Content/ContentPacks/SoulCave/Environment/Textures/Nature/T_VINETEXTURE_N.uasset" 622
"D:/Unreal Projects/RPG/Content/ContentPacks/SoulCave/Environment/Materials/Nature/M_Soul_Bush.uasset" 623
"D:/Unreal Projects/RPG/Content/ContentPacks/SoulCave/Environment/Meshes/Nature/SM_S_Soul_bush.uasset" 624
"D:/Unreal Projects/RPG/Content/ContentPacks/SoulCave/Environment/Textures/Nature/T_Soul_Trees_D.uasset" 625
"D:/Unreal Projects/RPG/Content/ContentPacks/SoulCave/Environment/Textures/Nature/T_Soul_Trees_N.uasset" 626
"D:/Unreal Projects/RPG/Content/ContentPacks/SoulCave/Environment/Materials/Nature/M_Soul_Tree03.uasset" 627
"D:/Unreal Projects/RPG/Content/ContentPacks/SoulCave/Environment/Meshes/Nature/SM_S_Soul_Tree2.uasset" 628
"D:/Unreal Projects/RPG/Content/ContentPacks/SoulCave/Environment/Textures/Foliage/T_TwistedTrunkTree_D.uasset" 629
"D:/Unreal Projects/RPG/Content/ContentPacks/SoulCave/Environment/Textures/Foliage/T_TwistedTrunkTree_N.uasset" 630
"D:/Unreal Projects/RPG/Content/ContentPacks/SoulCave/Environment/Materials/Nature/M_Soul_TwistedTree.uasset" 631
"D:/Unreal Projects/RPG/Content/ContentPacks/SoulCave/Environment/Meshes/Nature/SM_tree2.uasset" 632
"D:/Unreal Projects/RPG/Content/ContentPacks/SoulCave/Environment/Textures/Rock/T_Cave_Rock_Path_M.uasset" 633
"D:/Unreal Projects/RPG/Content/ContentPacks/SoulCave/Environment/Textures/Rock/T_Cave_Rock_Path_N.uasset" 634
"D:/Unreal Projects/RPG/Content/ContentPacks/SoulCave/Environment/Materials/Rocks/MI_Cave_Rock_Ceiling.uasset" 635
"D:/Unreal Projects/RPG/Content/ContentPacks/SoulCave/Environment/Meshes/Rocks/SM_Cave_Rock_Ceiling.uasset" 636
"D:/Unreal Projects/RPG/Content/ContentPacks/SoulCave/Environment/Textures/Rock/T_Cave_Rock_CurvedWall_M.uasset" 637
"D:/Unreal Projects/RPG/Content/ContentPacks/SoulCave/Environment/Textures/Rock/T_Cave_Rock_CurvedWall_N.uasset" 638
"D:/Unreal Projects/RPG/Content/ContentPacks/SoulCave/Environment/Textures/Rock/T_Cave_Rock_Large_N.uasset" 639
"D:/Unreal Projects/RPG/Content/ContentPacks/SoulCave/Environment/Materials/Rocks/MI_Cave_Rock_CurvedWall.uasset" 640
"D:/Unreal Projects/RPG/Content/ContentPacks/SoulCave/Environment/Meshes/Rocks/SM_Cave_Rock_CurvedWall.uasset" 641
"D:/Unreal Projects/RPG/Content/ContentPacks/SoulCave/Environment/Materials/Rocks/MI_Cave_Rock_Small.uasset" 642
"D:/Unreal Projects/RPG/Content/ContentPacks/SoulCave/Environment/Meshes/Rocks/SM_Cave_Rock_Small01.uasset" 643
"D:/Unreal Projects/RPG/Content/Particles/P_Smoke.uasset" 644
"D:/Unreal Projects/RPG/Content/SoundFX/FireCrackling_Sound.uasset" 645
"D:/Unreal Projects/RPG/Content/Maps/PortfollioScene.umap" 646
"D:/Unreal Projects/RPG/Content/ContentPacks/GoodSky/Source/Data/Curve/Curve_GoodSky_Stars.uasset" 647
"D:/Unreal Projects/RPG/Content/ContentPacks/GoodSky/Source/Data/Curve/Curve_GoodSky_SunLight.uasset" 648
"D:/Unreal Projects/RPG/Content/ContentPacks/GoodSky/Source/Data/Curve/Curve_GoodSky_AllOverlayColor.uasset" 649
"D:/Unreal Projects/RPG/Content/ContentPacks/GoodSky/Source/Data/Curve/Curve_GoodSky_BaseCloudColor.uasset" 650
"D:/Unreal Projects/RPG/Content/ContentPacks/GoodSky/Source/Data/Curve/Curve_GoodSky_DomeColor.uasset" 651
"D:/Unreal Projects/RPG/Content/ContentPacks/GoodSky/Source/Data/Curve/Curve_GoodSky_horizon_Color.uasset" 652
"D:/Unreal Projects/RPG/Content/ContentPacks/GoodSky/Source/Data/Curve/Curve_GoodSky_SunDirection_Vector.uasset" 653
"D:/Unreal Projects/RPG/Content/ContentPacks/GoodSky/Source/Data/Structure/Structure_GoodSky.uasset" 654
"D:/Unreal Projects/RPG/Content/ContentPacks/GoodSky/Source/Data/DataTable/DataTable_GoodSky.uasset" 655
"D:/Unreal Projects/RPG/Content/ContentPacks/GoodSky/Source/ArrowTool/T_GoodSky_SkyRing.uasset" 656
"D:/Unreal Projects/RPG/Content/ContentPacks/GoodSky/Source/ArrowTool/M_GoodSky_SkyRing_.uasset" 657
"D:/Unreal Projects/RPG/Content/ContentPacks/GoodSky/Source/ArrowTool/M_GoodSky_Sun_Emissive.uasset" 658
"D:/Unreal Projects/RPG/Content/ContentPacks/GoodSky/Source/Materials/Material_Function/MF_GoodSky_SkyDomeAlpha.uasset" 659
"D:/Unreal Projects/RPG/Content/ContentPacks/GoodSky/Source/Materials/Material_Function/MF_GoodSky_Time.uasset" 660
"D:/Unreal Projects/RPG/Content/ContentPacks/GoodSky/Source/Textures/T_GoodSky_clouds_A.uasset" 661
"D:/Unreal Projects/RPG/Content/ContentPacks/GoodSky/Source/Textures/T_GoodSky_clouds_B.uasset" 662
"D:/Unreal Projects/RPG/Content/ContentPacks/GoodSky/Source/Textures/T_GoodSky_clouds_F.uasset" 663
"D:/Unreal Projects/RPG/Content/ContentPacks/GoodSky/Source/Textures/T_GoodSky_clouds_sphere.uasset" 664
"D:/Unreal Projects/RPG/Content/ContentPacks/GoodSky/Source/Materials/M_GoodSky_Base.uasset" 665
"../../../Engine/Content/Functions/Engine_MaterialFunctions01/Texturing/ScaleUVsAroundPoint.uasset" 666
"D:/Unreal Projects/RPG/Content/ContentPacks/GoodSky/Source/Textures/T_GoodSky_Moon.uasset" 667
"D:/Unreal Projects/RPG/Content/ContentPacks/GoodSky/Source/Materials/M_GoodSky_Moon.uasset" 668
"../../../Engine/Content/Functions/Engine_MaterialFunctions01/Texturing/ComputeMipLevel.uasset" 669
"../../../Engine/Content/Functions/Engine_MaterialFunctions01/Texturing/TextureCropping.uasset" 670
"../../../Engine/Content/Functions/Engine_MaterialFunctions02/ExampleContent/DebugNumberStrip.uasset" 671
"../../../Engine/Content/Functions/Engine_MaterialFunctions02/ExampleContent/Textures/DebugNumberPeriod.uasset" 672
"../../../Engine/Content/Functions/Engine_MaterialFunctions02/Utility/DebugScalarValues.uasset" 673
"../../../Engine/Content/Functions/Engine_MaterialFunctions02/Utility/DebugFloat3Values.uasset" 674
"../../../Engine/Content/Functions/Engine_MaterialFunctions02/Math/RGBtoHSV.uasset" 675
"D:/Unreal Projects/RPG/Content/ContentPacks/GoodSky/Source/Textures/T_GoodSky_noise_smooth.uasset" 676
"D:/Unreal Projects/RPG/Content/ContentPacks/GoodSky/Source/Materials/Material_Function/MF_GoodSky_LightningFlick.uasset" 677
"D:/Unreal Projects/RPG/Content/ContentPacks/GoodSky/Source/Textures/T_GoodSky_Lightning.uasset" 678
"D:/Unreal Projects/RPG/Content/ContentPacks/GoodSky/Source/Materials/M_GoodSky_Storm.uasset" 679
"D:/Unreal Projects/RPG/Content/ContentPacks/GoodSky/Source/Textures/T_GoodSky_Stars.uasset" 680
"D:/Unreal Projects/RPG/Content/ContentPacks/GoodSky/Source/Materials/M_GoodSky_Sun_Stars.uasset" 681
"../../../Engine/Content/BasicShapes/Plane.uasset" 682
"../../../Engine/Content/BasicShapes/Sphere.uasset" 683
"D:/Unreal Projects/RPG/Content/ContentPacks/GoodSky/Source/ArrowTool/SM_GoodSky_StarMesh.uasset" 684
"D:/Unreal Projects/RPG/Content/ContentPacks/GoodSky/Source/Data/Enum/Enum_GoodSky_Clouds_Coverage.uasset" 685
"D:/Unreal Projects/RPG/Content/ContentPacks/GoodSky/Source/Data/Enum/Enum_GoodSky_Effects.uasset" 686
"D:/Unreal Projects/RPG/Content/ContentPacks/GoodSky/Source/Data/Enum/Enum_GoodSky_MeshType.uasset" 687
"D:/Unreal Projects/RPG/Content/ContentPacks/GoodSky/Source/Data/Enum/Enum_GoodSky_Preset.uasset" 688
"D:/Unreal Projects/RPG/Content/ContentPacks/GoodSky/Source/Data/Enum/Enum_GoodSky_Style_Clouds.uasset" 689
"D:/Unreal Projects/RPG/Content/ContentPacks/GoodSky/Source/Mesh/SM_GoodSky_Hemisphere.uasset" 690
"D:/Unreal Projects/RPG/Content/ContentPacks/GoodSky/Source/Mesh/SM_GoodSky_Sphere.uasset" 691
"D:/Unreal Projects/RPG/Content/ContentPacks/GoodSky/Source/Textures/T_GoodSky_clouds_C.uasset" 692
"D:/Unreal Projects/RPG/Content/ContentPacks/GoodSky/Source/Textures/T_GoodSky_clouds_D.uasset" 693
"D:/Unreal Projects/RPG/Content/ContentPacks/GoodSky/Source/Textures/T_GoodSky_clouds_E.uasset" 694
"D:/Unreal Projects/RPG/Content/ContentPacks/GoodSky/Blueprint/BP_GoodSky.uasset" 695
"D:/Unreal Projects/RPG/Content/Particles/P_DeadMans_Loot_Quest.uasset" 696
"D:/Unreal Projects/RPG/Content/Quest/BP_QuestTrigger_Activator.uasset" 697
"D:/Unreal Projects/RPG/Content/Maps/PortfollioScene_Geo_BuiltData.uasset" 698
"D:/Unreal Projects/RPG/Content/ContentPacks/InfinityBladeEffects/Effects/FX_Mobile/Fire/combat/P_EnemyOnFire_Spreading.uasset" 699
"D:/Unreal Projects/RPG/Content/ContentPacks/PhotoR_Backgrounds/Textures/grass_fall_a_d.uasset" 700
"D:/Unreal Projects/RPG/Content/ContentPacks/PhotoR_Backgrounds/Textures/grass_fall_a_n.uasset" 701
"D:/Unreal Projects/RPG/Content/ContentPacks/PhotoR_Backgrounds/Textures/pr_background_mountain_e_N.uasset" 702
"D:/Unreal Projects/RPG/Content/ContentPacks/PhotoR_Backgrounds/Textures/pr_background_mountain_e_SPLAT.uasset" 703
"D:/Unreal Projects/RPG/Content/ContentPacks/PhotoR_Backgrounds/Textures/SM_grass_c_d.uasset" 704
"D:/Unreal Projects/RPG/Content/ContentPacks/PhotoR_Backgrounds/Textures/SM_grass_c_n.uasset" 705
"D:/Unreal Projects/RPG/Content/ContentPacks/PhotoR_Backgrounds/Materials/Mountain_Summer/pr_background_mountain_e_M_summer.uasset" 706
"D:/Unreal Projects/RPG/Content/ContentPacks/PhotoR_Backgrounds/Meshes/360d_Horizon/Mountain_e/PR_background_E_E1.uasset" 707
"D:/Unreal Projects/RPG/Content/ContentPacks/PhotoR_Backgrounds/Meshes/360d_Horizon/Mountain_e/PR_background_E_E2.uasset" 708
"D:/Unreal Projects/RPG/Content/ContentPacks/PhotoR_Backgrounds/Meshes/360d_Horizon/Mountain_e/PR_background_E_N1.uasset" 709
"D:/Unreal Projects/RPG/Content/ContentPacks/PhotoR_Backgrounds/Meshes/360d_Horizon/Mountain_e/PR_background_E_N2.uasset" 710
"D:/Unreal Projects/RPG/Content/ContentPacks/PhotoR_Backgrounds/Meshes/360d_Horizon/Mountain_e/PR_background_E_S1.uasset" 711
"D:/Unreal Projects/RPG/Content/ContentPacks/PhotoR_Backgrounds/Meshes/360d_Horizon/Mountain_e/PR_background_E_S2.uasset" 712
"D:/Unreal Projects/RPG/Content/ContentPacks/PhotoR_Backgrounds/Meshes/360d_Horizon/Mountain_e/PR_background_E_W1.uasset" 713
"D:/Unreal Projects/RPG/Content/ContentPacks/PhotoR_Backgrounds/Meshes/360d_Horizon/Mountain_e/PR_background_E_W2.uasset" 714
"D:/Unreal Projects/RPG/Content/ContentPacks/ProceduralNaturePack/Materials/rocks/boulder_c.uasset" 715
"D:/Unreal Projects/RPG/Content/ContentPacks/ProceduralNaturePack/Meshes/rocks_boulders/rock_boulder_b2.uasset" 716
"D:/Unreal Projects/RPG/Content/ContentPacks/SoulCave/Environment/Materials/Nature/M_Soul_TreeDead.uasset" 717
"D:/Unreal Projects/RPG/Content/ContentPacks/SoulCave/Environment/Meshes/Nature/SM_S_Soul_Tree3.uasset" 718
"D:/Unreal Projects/RPG/Content/ContentPacks/SoulCave/Environment/Meshes/Rocks/SM_Cave_Rock_Large02.uasset" 719
"D:/Unreal Projects/RPG/Content/ContentPacks/SoulCave/Environment/PhysicalMaterials/Stone.uasset" 720
"D:/Unreal Projects/RPG/Content/ContentPacks/SoulCave/Environment/Materials/Rocks/MI_Cave_Rock_Path.uasset" 721
"D:/Unreal Projects/RPG/Content/ContentPacks/SoulCave/Environment/Meshes/Rocks/SM_Cave_Rock_Path_Single.uasset" 722
"D:/Unreal Projects/RPG/Content/Maps/PortfollioScene_Geo.umap" 723
"../../../Engine/Content/Maps/Entry_BuiltData.uasset" 724
"../../../Engine/Content/Maps/Entry.umap" 725
